<?xml version="1.0" encoding="UTF-8"?>
<!-- Generated by org.testng.reporters.JUnitXMLReporter -->
<testsuite ignored="3" hostname="JAYESH" failures="0" tests="1" name="Default test" time="1.68" errors="0" timestamp="30 Jul. 2023 15:47:29 GMT">
  <testcase classname="com.apiautomation.LearningAPI.tests.JiraAPICalls" name="editIssueApiCall" time="1.379"/>
  <testcase classname="com.apiautomation.LearningAPI.tests.JiraAPICalls" name="deleteIssueApiCall" time="0.0">
    <ignored/>
  </testcase> <!-- deleteIssueApiCall -->
  <testcase classname="com.apiautomation.LearningAPI.tests.JiraAPICalls" name="createIssueApiCall" time="0.0">
    <ignored/>
  </testcase> <!-- createIssueApiCall -->
  <testcase classname="com.apiautomation.LearningAPI.tests.JiraAPICalls" name="CreateMetadataApiCall" time="0.0">
    <ignored/>
  </testcase> <!-- CreateMetadataApiCall -->
</testsuite> <!-- Default test -->
