<?xml version="1.0" encoding="UTF-8"?>
<!-- Generated by org.testng.reporters.JUnitXMLReporter -->
<testsuite ignored="0" hostname="JAYESH" failures="0" tests="4" name="Test" time="3.734" errors="0" timestamp="31 Jul. 2023 00:12:37 GMT">
  <testcase classname="com.apiautomation.LearningAPI.tests.JiraAPICalls" name="CreateMetadataApiCall" time="1.38"/>
  <testcase classname="com.apiautomation.LearningAPI.tests.JiraAPICalls" name="createIssueApiCall" time="0.908"/>
  <testcase classname="com.apiautomation.LearningAPI.tests.JiraAPICalls" name="editIssueApiCall" time="0.579"/>
  <testcase classname="com.apiautomation.LearningAPI.tests.JiraAPICalls" name="deleteIssueApiCall" time="0.57"/>
</testsuite> <!-- Test -->
