<?xml version="1.0" encoding="UTF-8"?>
<testng-results ignored="0" total="4" passed="4" failed="0" skipped="0">
  <reporter-output>
  </reporter-output>
  <suite started-at="2023-07-31T00:12:34Z" name="Suite" finished-at="2023-07-31T00:12:37Z" duration-ms="3734">
    <groups>
    </groups>
    <test started-at="2023-07-31T00:12:34Z" name="Test" finished-at="2023-07-31T00:12:37Z" duration-ms="3734">
      <class name="com.apiautomation.LearningAPI.tests.JiraAPICalls">
        <test-method is-config="true" signature="setup()[pri:0, instance:com.apiautomation.LearningAPI.tests.JiraAPICalls@258d79be]" started-at="2023-07-31T00:12:34Z" name="setup" finished-at="2023-07-31T00:12:34Z" duration-ms="279" status="PASS">
          <reporter-output>
          </reporter-output>
        </test-method> <!-- setup -->
        <test-method signature="CreateMetadataApiCall()[pri:1, instance:com.apiautomation.LearningAPI.tests.JiraAPICalls@258d79be]" started-at="2023-07-31T00:12:34Z" name="CreateMetadataApiCall" finished-at="2023-07-31T00:12:35Z" duration-ms="1380" status="PASS">
          <reporter-output>
          </reporter-output>
        </test-method> <!-- CreateMetadataApiCall -->
        <test-method signature="createIssueApiCall()[pri:2, instance:com.apiautomation.LearningAPI.tests.JiraAPICalls@258d79be]" started-at="2023-07-31T00:12:35Z" name="createIssueApiCall" finished-at="2023-07-31T00:12:36Z" duration-ms="908" status="PASS">
          <reporter-output>
          </reporter-output>
        </test-method> <!-- createIssueApiCall -->
        <test-method is-config="true" signature="setup()[pri:0, instance:com.apiautomation.LearningAPI.tests.JiraAPICalls@258d79be]" started-at="2023-07-31T00:12:35Z" name="setup" finished-at="2023-07-31T00:12:35Z" duration-ms="0" status="PASS">
          <reporter-output>
          </reporter-output>
        </test-method> <!-- setup -->
        <test-method is-config="true" signature="setup()[pri:0, instance:com.apiautomation.LearningAPI.tests.JiraAPICalls@258d79be]" started-at="2023-07-31T00:12:36Z" name="setup" finished-at="2023-07-31T00:12:36Z" duration-ms="0" status="PASS">
          <reporter-output>
          </reporter-output>
        </test-method> <!-- setup -->
        <test-method signature="editIssueApiCall()[pri:3, instance:com.apiautomation.LearningAPI.tests.JiraAPICalls@258d79be]" started-at="2023-07-31T00:12:36Z" name="editIssueApiCall" finished-at="2023-07-31T00:12:37Z" duration-ms="579" status="PASS">
          <reporter-output>
          </reporter-output>
        </test-method> <!-- editIssueApiCall -->
        <test-method signature="deleteIssueApiCall()[pri:4, instance:com.apiautomation.LearningAPI.tests.JiraAPICalls@258d79be]" started-at="2023-07-31T00:12:37Z" name="deleteIssueApiCall" finished-at="2023-07-31T00:12:37Z" duration-ms="570" status="PASS">
          <reporter-output>
          </reporter-output>
        </test-method> <!-- deleteIssueApiCall -->
        <test-method is-config="true" signature="setup()[pri:0, instance:com.apiautomation.LearningAPI.tests.JiraAPICalls@258d79be]" started-at="2023-07-31T00:12:37Z" name="setup" finished-at="2023-07-31T00:12:37Z" duration-ms="0" status="PASS">
          <reporter-output>
          </reporter-output>
        </test-method> <!-- setup -->
      </class> <!-- com.apiautomation.LearningAPI.tests.JiraAPICalls -->
    </test> <!-- Test -->
  </suite> <!-- Suite -->
</testng-results>
